<?xml version="1.0" encoding="UTF-8"?>
<testng-results ignored="0" total="1" passed="1" failed="0" skipped="0">
  <reporter-output>
  </reporter-output>
  <suite started-at="2024-05-02T00:24:34 IST" name="Default suite" finished-at="2024-05-02T00:24:49 IST" duration-ms="14707">
    <groups>
    </groups>
    <test started-at="2024-05-02T00:24:34 IST" name="Default test" finished-at="2024-05-02T00:24:49 IST" duration-ms="14707">
      <class name="testpackage.TextBoxPageTest">
        <test-method is-config="true" signature="launchBrowser()[pri:0, instance:testpackage.TextBoxPageTest@74ea2410]" started-at="2024-05-02T00:24:34 IST" name="launchBrowser" finished-at="2024-05-02T00:24:43 IST" duration-ms="8485" status="PASS">
          <reporter-output>
          </reporter-output>
        </test-method> <!-- launchBrowser -->
        <test-method signature="textboxpage()[pri:0, instance:testpackage.TextBoxPageTest@74ea2410]" started-at="2024-05-02T00:24:43 IST" name="textboxpage" finished-at="2024-05-02T00:24:49 IST" duration-ms="6178" status="PASS">
          <reporter-output>
          </reporter-output>
        </test-method> <!-- textboxpage -->
      </class> <!-- testpackage.TextBoxPageTest -->
    </test> <!-- Default test -->
  </suite> <!-- Default suite -->
</testng-results>
