<?xml version="1.0" encoding="UTF-8"?>
<testng-results ignored="0" total="1" passed="1" failed="0" skipped="0">
  <reporter-output>
  </reporter-output>
  <suite started-at="2024-05-02T22:33:49 IST" name="Default suite" finished-at="2024-05-02T22:34:06 IST" duration-ms="17690">
    <groups>
    </groups>
    <test started-at="2024-05-02T22:33:49 IST" name="Default test" finished-at="2024-05-02T22:34:06 IST" duration-ms="17690">
      <class name="testpackage.CheckBoxTest">
        <test-method is-config="true" signature="launchBrowser()[pri:0, instance:testpackage.CheckBoxTest@470734c3]" started-at="2024-05-02T22:33:49 IST" name="launchBrowser" finished-at="2024-05-02T22:34:06 IST" duration-ms="17086" status="PASS">
          <reporter-output>
          </reporter-output>
        </test-method> <!-- launchBrowser -->
        <test-method signature="checkboxtest()[pri:0, instance:testpackage.CheckBoxTest@470734c3]" started-at="2024-05-02T22:34:06 IST" name="checkboxtest" finished-at="2024-05-02T22:34:06 IST" duration-ms="563" status="PASS">
          <reporter-output>
          </reporter-output>
        </test-method> <!-- checkboxtest -->
      </class> <!-- testpackage.CheckBoxTest -->
    </test> <!-- Default test -->
  </suite> <!-- Default suite -->
</testng-results>
